2019-05-28 17:49:34.553  INFO 5568 --- [main] c.e.demo.FirstSpringBootApplication      : Starting FirstSpringBootApplication on Dhalia-PC-15 with PID 5568 (D:\spring\firstSpringBoot\target\classes started by Anagha in D:\spring\firstSpringBoot)
2019-05-28 17:49:34.561  INFO 5568 --- [main] c.e.demo.FirstSpringBootApplication      : No active profile set, falling back to default profiles: default
2019-05-28 17:49:35.441  INFO 5568 --- [main] o.s.b.w.embedded.tomcat.TomcatWebServer  : Tomcat initialized with port(s): 9090 (http)
2019-05-28 17:49:35.458  INFO 5568 --- [main] o.apache.catalina.core.StandardService   : Starting service [Tomcat]
2019-05-28 17:49:35.458  INFO 5568 --- [main] org.apache.catalina.core.StandardEngine  : Starting Servlet engine: [Apache Tomcat/9.0.19]
2019-05-28 17:49:35.532  INFO 5568 --- [main] o.a.c.c.C.[Tomcat].[localhost].[/]       : Initializing Spring embedded WebApplicationContext
2019-05-28 17:49:35.532  INFO 5568 --- [main] o.s.web.context.ContextLoader            : Root WebApplicationContext: initialization completed in 928 ms
2019-05-28 17:49:35.851  INFO 5568 --- [main] o.s.s.concurrent.ThreadPoolTaskExecutor  : Initializing ExecutorService 'applicationTaskExecutor'
2019-05-28 17:49:36.024  INFO 5568 --- [main] .s.s.UserDetailsServiceAutoConfiguration : 

Using generated security password: 8209ecef-ecd2-42a1-b912-0095a9daf44e

2019-05-28 17:49:36.072  INFO 5568 --- [main] o.s.s.web.DefaultSecurityFilterChain     : Creating filter chain: OrRequestMatcher [requestMatchers=[Ant [pattern='/home']]], [org.springframework.security.web.context.request.async.WebAsyncManagerIntegrationFilter@468be356, org.springframework.security.web.context.SecurityContextPersistenceFilter@40f8f5a8, org.springframework.security.web.header.HeaderWriterFilter@604b1e1d, org.springframework.security.web.csrf.CsrfFilter@3ece1e79, org.springframework.security.web.authentication.logout.LogoutFilter@7c75db8b, org.springframework.security.web.savedrequest.RequestCacheAwareFilter@442f92e6, org.springframework.security.web.servletapi.SecurityContextHolderAwareRequestFilter@342726f1, org.springframework.security.web.authentication.AnonymousAuthenticationFilter@5c9ac4cc, org.springframework.security.web.session.SessionManagementFilter@58f07f02, org.springframework.security.web.access.ExceptionTranslationFilter@34cf294c]
2019-05-28 17:49:36.128 ERROR 5568 --- [main] org.apache.catalina.util.LifecycleBase   : Failed to start component [Connector[HTTP/1.1-9090]]

org.apache.catalina.LifecycleException: Protocol handler start failed
	at org.apache.catalina.connector.Connector.startInternal(Connector.java:1008) ~[tomcat-embed-core-9.0.19.jar:9.0.19]
	at org.apache.catalina.util.LifecycleBase.start(LifecycleBase.java:183) ~[tomcat-embed-core-9.0.19.jar:9.0.19]
	at org.apache.catalina.core.StandardService.addConnector(StandardService.java:226) [tomcat-embed-core-9.0.19.jar:9.0.19]
	at org.springframework.boot.web.embedded.tomcat.TomcatWebServer.addPreviouslyRemovedConnectors(TomcatWebServer.java:259) [spring-boot-2.1.5.RELEASE.jar:2.1.5.RELEASE]
	at org.springframework.boot.web.embedded.tomcat.TomcatWebServer.start(TomcatWebServer.java:197) [spring-boot-2.1.5.RELEASE.jar:2.1.5.RELEASE]
	at org.springframework.boot.web.servlet.context.ServletWebServerApplicationContext.startWebServer(ServletWebServerApplicationContext.java:311) [spring-boot-2.1.5.RELEASE.jar:2.1.5.RELEASE]
	at org.springframework.boot.web.servlet.context.ServletWebServerApplicationContext.finishRefresh(ServletWebServerApplicationContext.java:164) [spring-boot-2.1.5.RELEASE.jar:2.1.5.RELEASE]
	at org.springframework.context.support.AbstractApplicationContext.refresh(AbstractApplicationContext.java:552) [spring-context-5.1.7.RELEASE.jar:5.1.7.RELEASE]
	at org.springframework.boot.web.servlet.context.ServletWebServerApplicationContext.refresh(ServletWebServerApplicationContext.java:142) [spring-boot-2.1.5.RELEASE.jar:2.1.5.RELEASE]
	at org.springframework.boot.SpringApplication.refresh(SpringApplication.java:775) [spring-boot-2.1.5.RELEASE.jar:2.1.5.RELEASE]
	at org.springframework.boot.SpringApplication.refreshContext(SpringApplication.java:397) [spring-boot-2.1.5.RELEASE.jar:2.1.5.RELEASE]
	at org.springframework.boot.SpringApplication.run(SpringApplication.java:316) [spring-boot-2.1.5.RELEASE.jar:2.1.5.RELEASE]
	at org.springframework.boot.SpringApplication.run(SpringApplication.java:1260) [spring-boot-2.1.5.RELEASE.jar:2.1.5.RELEASE]
	at org.springframework.boot.SpringApplication.run(SpringApplication.java:1248) [spring-boot-2.1.5.RELEASE.jar:2.1.5.RELEASE]
	at com.example.demo.FirstSpringBootApplication.main(FirstSpringBootApplication.java:18) [classes/:na]
Caused by: java.net.BindException: Address already in use: bind
	at sun.nio.ch.Net.bind0(Native Method) ~[na:1.8.0_181]
	at sun.nio.ch.Net.bind(Net.java:433) ~[na:1.8.0_181]
	at sun.nio.ch.Net.bind(Net.java:425) ~[na:1.8.0_181]
	at sun.nio.ch.ServerSocketChannelImpl.bind(ServerSocketChannelImpl.java:223) ~[na:1.8.0_181]
	at sun.nio.ch.ServerSocketAdaptor.bind(ServerSocketAdaptor.java:74) ~[na:1.8.0_181]
	at org.apache.tomcat.util.net.NioEndpoint.initServerSocket(NioEndpoint.java:239) ~[tomcat-embed-core-9.0.19.jar:9.0.19]
	at org.apache.tomcat.util.net.NioEndpoint.bind(NioEndpoint.java:213) ~[tomcat-embed-core-9.0.19.jar:9.0.19]
	at org.apache.tomcat.util.net.AbstractEndpoint.bindWithCleanup(AbstractEndpoint.java:1116) ~[tomcat-embed-core-9.0.19.jar:9.0.19]
	at org.apache.tomcat.util.net.AbstractEndpoint.start(AbstractEndpoint.java:1202) ~[tomcat-embed-core-9.0.19.jar:9.0.19]
	at org.apache.coyote.AbstractProtocol.start(AbstractProtocol.java:568) ~[tomcat-embed-core-9.0.19.jar:9.0.19]
	at org.apache.catalina.connector.Connector.startInternal(Connector.java:1005) ~[tomcat-embed-core-9.0.19.jar:9.0.19]
	... 14 common frames omitted

2019-05-28 17:49:36.131  INFO 5568 --- [main] o.apache.catalina.core.StandardService   : Stopping service [Tomcat]
2019-05-28 17:49:36.138  INFO 5568 --- [main] ConditionEvaluationReportLoggingListener : 

Error starting ApplicationContext. To display the conditions report re-run your application with 'debug' enabled.
2019-05-28 17:49:36.141 ERROR 5568 --- [main] o.s.b.d.LoggingFailureAnalysisReporter   : 

***************************
APPLICATION FAILED TO START
***************************

Description:

The Tomcat connector configured to listen on port 9090 failed to start. The port may already be in use or the connector may be misconfigured.

Action:

Verify the connector's configuration, identify and stop any process that's listening on port 9090, or configure this application to listen on another port.

2019-05-28 17:49:36.144  INFO 5568 --- [main] o.s.s.concurrent.ThreadPoolTaskExecutor  : Shutting down ExecutorService 'applicationTaskExecutor'
2019-05-28 17:50:44.018  INFO 11384 --- [main] c.e.demo.FirstSpringBootApplication      : Starting FirstSpringBootApplication on Dhalia-PC-15 with PID 11384 (D:\spring\firstSpringBoot\target\classes started by Anagha in D:\spring\firstSpringBoot)
2019-05-28 17:50:44.021  INFO 11384 --- [main] c.e.demo.FirstSpringBootApplication      : No active profile set, falling back to default profiles: default
2019-05-28 17:50:44.943  INFO 11384 --- [main] o.s.b.w.embedded.tomcat.TomcatWebServer  : Tomcat initialized with port(s): 9090 (http)
2019-05-28 17:50:44.963  INFO 11384 --- [main] o.apache.catalina.core.StandardService   : Starting service [Tomcat]
2019-05-28 17:50:44.963  INFO 11384 --- [main] org.apache.catalina.core.StandardEngine  : Starting Servlet engine: [Apache Tomcat/9.0.19]
2019-05-28 17:50:45.035  INFO 11384 --- [main] o.a.c.c.C.[Tomcat].[localhost].[/]       : Initializing Spring embedded WebApplicationContext
2019-05-28 17:50:45.036  INFO 11384 --- [main] o.s.web.context.ContextLoader            : Root WebApplicationContext: initialization completed in 972 ms
2019-05-28 17:50:45.348  INFO 11384 --- [main] o.s.s.concurrent.ThreadPoolTaskExecutor  : Initializing ExecutorService 'applicationTaskExecutor'
2019-05-28 17:50:45.537  INFO 11384 --- [main] .s.s.UserDetailsServiceAutoConfiguration : 

Using generated security password: 1e025251-a8e2-40c9-8e1a-3a6d0ec163e2

2019-05-28 17:50:45.585  INFO 11384 --- [main] o.s.s.web.DefaultSecurityFilterChain     : Creating filter chain: OrRequestMatcher [requestMatchers=[Ant [pattern='/home']]], [org.springframework.security.web.context.request.async.WebAsyncManagerIntegrationFilter@af9a89f, org.springframework.security.web.context.SecurityContextPersistenceFilter@c6634d, org.springframework.security.web.header.HeaderWriterFilter@1e008f36, org.springframework.security.web.csrf.CsrfFilter@6e495b48, org.springframework.security.web.authentication.logout.LogoutFilter@64a4dd8d, org.springframework.security.web.savedrequest.RequestCacheAwareFilter@73ad7e90, org.springframework.security.web.servletapi.SecurityContextHolderAwareRequestFilter@27a7ef08, org.springframework.security.web.authentication.AnonymousAuthenticationFilter@6482eef, org.springframework.security.web.session.SessionManagementFilter@5fc930f0, org.springframework.security.web.access.ExceptionTranslationFilter@35fb22a9]
2019-05-28 17:50:45.641 ERROR 11384 --- [main] org.apache.catalina.util.LifecycleBase   : Failed to start component [Connector[HTTP/1.1-9090]]

org.apache.catalina.LifecycleException: Protocol handler start failed
	at org.apache.catalina.connector.Connector.startInternal(Connector.java:1008) ~[tomcat-embed-core-9.0.19.jar:9.0.19]
	at org.apache.catalina.util.LifecycleBase.start(LifecycleBase.java:183) ~[tomcat-embed-core-9.0.19.jar:9.0.19]
	at org.apache.catalina.core.StandardService.addConnector(StandardService.java:226) [tomcat-embed-core-9.0.19.jar:9.0.19]
	at org.springframework.boot.web.embedded.tomcat.TomcatWebServer.addPreviouslyRemovedConnectors(TomcatWebServer.java:259) [spring-boot-2.1.5.RELEASE.jar:2.1.5.RELEASE]
	at org.springframework.boot.web.embedded.tomcat.TomcatWebServer.start(TomcatWebServer.java:197) [spring-boot-2.1.5.RELEASE.jar:2.1.5.RELEASE]
	at org.springframework.boot.web.servlet.context.ServletWebServerApplicationContext.startWebServer(ServletWebServerApplicationContext.java:311) [spring-boot-2.1.5.RELEASE.jar:2.1.5.RELEASE]
	at org.springframework.boot.web.servlet.context.ServletWebServerApplicationContext.finishRefresh(ServletWebServerApplicationContext.java:164) [spring-boot-2.1.5.RELEASE.jar:2.1.5.RELEASE]
	at org.springframework.context.support.AbstractApplicationContext.refresh(AbstractApplicationContext.java:552) [spring-context-5.1.7.RELEASE.jar:5.1.7.RELEASE]
	at org.springframework.boot.web.servlet.context.ServletWebServerApplicationContext.refresh(ServletWebServerApplicationContext.java:142) [spring-boot-2.1.5.RELEASE.jar:2.1.5.RELEASE]
	at org.springframework.boot.SpringApplication.refresh(SpringApplication.java:775) [spring-boot-2.1.5.RELEASE.jar:2.1.5.RELEASE]
	at org.springframework.boot.SpringApplication.refreshContext(SpringApplication.java:397) [spring-boot-2.1.5.RELEASE.jar:2.1.5.RELEASE]
	at org.springframework.boot.SpringApplication.run(SpringApplication.java:316) [spring-boot-2.1.5.RELEASE.jar:2.1.5.RELEASE]
	at org.springframework.boot.SpringApplication.run(SpringApplication.java:1260) [spring-boot-2.1.5.RELEASE.jar:2.1.5.RELEASE]
	at org.springframework.boot.SpringApplication.run(SpringApplication.java:1248) [spring-boot-2.1.5.RELEASE.jar:2.1.5.RELEASE]
	at com.example.demo.FirstSpringBootApplication.main(FirstSpringBootApplication.java:18) [classes/:na]
Caused by: java.net.BindException: Address already in use: bind
	at sun.nio.ch.Net.bind0(Native Method) ~[na:1.8.0_181]
	at sun.nio.ch.Net.bind(Net.java:433) ~[na:1.8.0_181]
	at sun.nio.ch.Net.bind(Net.java:425) ~[na:1.8.0_181]
	at sun.nio.ch.ServerSocketChannelImpl.bind(ServerSocketChannelImpl.java:223) ~[na:1.8.0_181]
	at sun.nio.ch.ServerSocketAdaptor.bind(ServerSocketAdaptor.java:74) ~[na:1.8.0_181]
	at org.apache.tomcat.util.net.NioEndpoint.initServerSocket(NioEndpoint.java:239) ~[tomcat-embed-core-9.0.19.jar:9.0.19]
	at org.apache.tomcat.util.net.NioEndpoint.bind(NioEndpoint.java:213) ~[tomcat-embed-core-9.0.19.jar:9.0.19]
	at org.apache.tomcat.util.net.AbstractEndpoint.bindWithCleanup(AbstractEndpoint.java:1116) ~[tomcat-embed-core-9.0.19.jar:9.0.19]
	at org.apache.tomcat.util.net.AbstractEndpoint.start(AbstractEndpoint.java:1202) ~[tomcat-embed-core-9.0.19.jar:9.0.19]
	at org.apache.coyote.AbstractProtocol.start(AbstractProtocol.java:568) ~[tomcat-embed-core-9.0.19.jar:9.0.19]
	at org.apache.catalina.connector.Connector.startInternal(Connector.java:1005) ~[tomcat-embed-core-9.0.19.jar:9.0.19]
	... 14 common frames omitted

2019-05-28 17:50:45.645  INFO 11384 --- [main] o.apache.catalina.core.StandardService   : Stopping service [Tomcat]
2019-05-28 17:50:45.652  INFO 11384 --- [main] ConditionEvaluationReportLoggingListener : 

Error starting ApplicationContext. To display the conditions report re-run your application with 'debug' enabled.
2019-05-28 17:50:45.656 ERROR 11384 --- [main] o.s.b.d.LoggingFailureAnalysisReporter   : 

***************************
APPLICATION FAILED TO START
***************************

Description:

The Tomcat connector configured to listen on port 9090 failed to start. The port may already be in use or the connector may be misconfigured.

Action:

Verify the connector's configuration, identify and stop any process that's listening on port 9090, or configure this application to listen on another port.

2019-05-28 17:50:45.658  INFO 11384 --- [main] o.s.s.concurrent.ThreadPoolTaskExecutor  : Shutting down ExecutorService 'applicationTaskExecutor'
2019-05-28 17:50:54.114  INFO 4736 --- [main] c.e.demo.FirstSpringBootApplication      : Starting FirstSpringBootApplication on Dhalia-PC-15 with PID 4736 (D:\spring\firstSpringBoot\target\classes started by Anagha in D:\spring\firstSpringBoot)
2019-05-28 17:50:54.117  INFO 4736 --- [main] c.e.demo.FirstSpringBootApplication      : No active profile set, falling back to default profiles: default
2019-05-28 17:50:54.977  INFO 4736 --- [main] o.s.b.w.embedded.tomcat.TomcatWebServer  : Tomcat initialized with port(s): 9090 (http)
2019-05-28 17:50:54.995  INFO 4736 --- [main] o.apache.catalina.core.StandardService   : Starting service [Tomcat]
2019-05-28 17:50:54.996  INFO 4736 --- [main] org.apache.catalina.core.StandardEngine  : Starting Servlet engine: [Apache Tomcat/9.0.19]
2019-05-28 17:50:55.062  INFO 4736 --- [main] o.a.c.c.C.[Tomcat].[localhost].[/]       : Initializing Spring embedded WebApplicationContext
2019-05-28 17:50:55.062  INFO 4736 --- [main] o.s.web.context.ContextLoader            : Root WebApplicationContext: initialization completed in 903 ms
2019-05-28 17:50:55.365  INFO 4736 --- [main] o.s.s.concurrent.ThreadPoolTaskExecutor  : Initializing ExecutorService 'applicationTaskExecutor'
2019-05-28 17:50:55.542  INFO 4736 --- [main] .s.s.UserDetailsServiceAutoConfiguration : 

Using generated security password: 36a7a34d-4a6d-4bd2-9a7d-58c747837a30

2019-05-28 17:50:55.591  INFO 4736 --- [main] o.s.s.web.DefaultSecurityFilterChain     : Creating filter chain: OrRequestMatcher [requestMatchers=[Ant [pattern='/home']]], [org.springframework.security.web.context.request.async.WebAsyncManagerIntegrationFilter@7de843ef, org.springframework.security.web.context.SecurityContextPersistenceFilter@61f80d55, org.springframework.security.web.header.HeaderWriterFilter@c6634d, org.springframework.security.web.csrf.CsrfFilter@4f824872, org.springframework.security.web.authentication.logout.LogoutFilter@385e36d4, org.springframework.security.web.savedrequest.RequestCacheAwareFilter@280e8a1a, org.springframework.security.web.servletapi.SecurityContextHolderAwareRequestFilter@65a5d4f9, org.springframework.security.web.authentication.AnonymousAuthenticationFilter@2e1af49b, org.springframework.security.web.session.SessionManagementFilter@71dfcf21, org.springframework.security.web.access.ExceptionTranslationFilter@5fc930f0]
2019-05-28 17:50:55.656  INFO 4736 --- [main] o.s.b.w.embedded.tomcat.TomcatWebServer  : Tomcat started on port(s): 9090 (http) with context path ''
2019-05-28 17:50:55.659  INFO 4736 --- [main] c.e.demo.FirstSpringBootApplication      : Started FirstSpringBootApplication in 1.791 seconds (JVM running for 2.214)
2019-05-28 17:51:13.951  INFO 4736 --- [http-nio-9090-exec-1] o.a.c.c.C.[Tomcat].[localhost].[/]       : Initializing Spring DispatcherServlet 'dispatcherServlet'
2019-05-28 17:51:13.952  INFO 4736 --- [http-nio-9090-exec-1] o.s.web.servlet.DispatcherServlet        : Initializing Servlet 'dispatcherServlet'
2019-05-28 17:51:13.957  INFO 4736 --- [http-nio-9090-exec-1] o.s.web.servlet.DispatcherServlet        : Completed initialization in 5 ms
2019-05-28 17:51:13.977  INFO 4736 --- [http-nio-9090-exec-1] com.example.demo.ServiceController       : print..
2019-05-28 17:51:32.264 ERROR 4736 --- [http-nio-9090-exec-2] o.a.c.c.C.[.[.[/].[dispatcherServlet]    : Servlet.service() for servlet [dispatcherServlet] in context with path [] threw exception [Request processing failed; nested exception is java.lang.NullPointerException] with root cause

java.lang.NullPointerException: null
	at com.example.demo.ServiceController.getAll(ServiceController.java:31) ~[classes/:na]
	at sun.reflect.NativeMethodAccessorImpl.invoke0(Native Method) ~[na:1.8.0_181]
	at sun.reflect.NativeMethodAccessorImpl.invoke(NativeMethodAccessorImpl.java:62) ~[na:1.8.0_181]
	at sun.reflect.DelegatingMethodAccessorImpl.invoke(DelegatingMethodAccessorImpl.java:43) ~[na:1.8.0_181]
	at java.lang.reflect.Method.invoke(Method.java:498) ~[na:1.8.0_181]
	at org.springframework.web.method.support.InvocableHandlerMethod.doInvoke(InvocableHandlerMethod.java:190) ~[spring-web-5.1.7.RELEASE.jar:5.1.7.RELEASE]
	at org.springframework.web.method.support.InvocableHandlerMethod.invokeForRequest(InvocableHandlerMethod.java:138) ~[spring-web-5.1.7.RELEASE.jar:5.1.7.RELEASE]
	at org.springframework.web.servlet.mvc.method.annotation.ServletInvocableHandlerMethod.invokeAndHandle(ServletInvocableHandlerMethod.java:104) ~[spring-webmvc-5.1.7.RELEASE.jar:5.1.7.RELEASE]
	at org.springframework.web.servlet.mvc.method.annotation.RequestMappingHandlerAdapter.invokeHandlerMethod(RequestMappingHandlerAdapter.java:892) ~[spring-webmvc-5.1.7.RELEASE.jar:5.1.7.RELEASE]
	at org.springframework.web.servlet.mvc.method.annotation.RequestMappingHandlerAdapter.handleInternal(RequestMappingHandlerAdapter.java:797) ~[spring-webmvc-5.1.7.RELEASE.jar:5.1.7.RELEASE]
	at org.springframework.web.servlet.mvc.method.AbstractHandlerMethodAdapter.handle(AbstractHandlerMethodAdapter.java:87) ~[spring-webmvc-5.1.7.RELEASE.jar:5.1.7.RELEASE]
	at org.springframework.web.servlet.DispatcherServlet.doDispatch(DispatcherServlet.java:1039) ~[spring-webmvc-5.1.7.RELEASE.jar:5.1.7.RELEASE]
	at org.springframework.web.servlet.DispatcherServlet.doService(DispatcherServlet.java:942) ~[spring-webmvc-5.1.7.RELEASE.jar:5.1.7.RELEASE]
	at org.springframework.web.servlet.FrameworkServlet.processRequest(FrameworkServlet.java:1005) ~[spring-webmvc-5.1.7.RELEASE.jar:5.1.7.RELEASE]
	at org.springframework.web.servlet.FrameworkServlet.doGet(FrameworkServlet.java:897) ~[spring-webmvc-5.1.7.RELEASE.jar:5.1.7.RELEASE]
	at javax.servlet.http.HttpServlet.service(HttpServlet.java:634) ~[tomcat-embed-core-9.0.19.jar:9.0.19]
	at org.springframework.web.servlet.FrameworkServlet.service(FrameworkServlet.java:882) ~[spring-webmvc-5.1.7.RELEASE.jar:5.1.7.RELEASE]
	at javax.servlet.http.HttpServlet.service(HttpServlet.java:741) ~[tomcat-embed-core-9.0.19.jar:9.0.19]
	at org.apache.catalina.core.ApplicationFilterChain.internalDoFilter(ApplicationFilterChain.java:231) ~[tomcat-embed-core-9.0.19.jar:9.0.19]
	at org.apache.catalina.core.ApplicationFilterChain.doFilter(ApplicationFilterChain.java:166) ~[tomcat-embed-core-9.0.19.jar:9.0.19]
	at org.apache.tomcat.websocket.server.WsFilter.doFilter(WsFilter.java:53) ~[tomcat-embed-websocket-9.0.19.jar:9.0.19]
	at org.apache.catalina.core.ApplicationFilterChain.internalDoFilter(ApplicationFilterChain.java:193) ~[tomcat-embed-core-9.0.19.jar:9.0.19]
	at org.apache.catalina.core.ApplicationFilterChain.doFilter(ApplicationFilterChain.java:166) ~[tomcat-embed-core-9.0.19.jar:9.0.19]
	at org.springframework.security.web.FilterChainProxy.doFilterInternal(FilterChainProxy.java:209) ~[spring-security-web-5.1.5.RELEASE.jar:5.1.5.RELEASE]
	at org.springframework.security.web.FilterChainProxy.doFilter(FilterChainProxy.java:178) ~[spring-security-web-5.1.5.RELEASE.jar:5.1.5.RELEASE]
	at org.springframework.web.filter.DelegatingFilterProxy.invokeDelegate(DelegatingFilterProxy.java:357) ~[spring-web-5.1.7.RELEASE.jar:5.1.7.RELEASE]
	at org.springframework.web.filter.DelegatingFilterProxy.doFilter(DelegatingFilterProxy.java:270) ~[spring-web-5.1.7.RELEASE.jar:5.1.7.RELEASE]
	at org.apache.catalina.core.ApplicationFilterChain.internalDoFilter(ApplicationFilterChain.java:193) ~[tomcat-embed-core-9.0.19.jar:9.0.19]
	at org.apache.catalina.core.ApplicationFilterChain.doFilter(ApplicationFilterChain.java:166) ~[tomcat-embed-core-9.0.19.jar:9.0.19]
	at org.springframework.web.filter.RequestContextFilter.doFilterInternal(RequestContextFilter.java:99) ~[spring-web-5.1.7.RELEASE.jar:5.1.7.RELEASE]
	at org.springframework.web.filter.OncePerRequestFilter.doFilter(OncePerRequestFilter.java:107) ~[spring-web-5.1.7.RELEASE.jar:5.1.7.RELEASE]
	at org.apache.catalina.core.ApplicationFilterChain.internalDoFilter(ApplicationFilterChain.java:193) ~[tomcat-embed-core-9.0.19.jar:9.0.19]
	at org.apache.catalina.core.ApplicationFilterChain.doFilter(ApplicationFilterChain.java:166) ~[tomcat-embed-core-9.0.19.jar:9.0.19]
	at org.springframework.web.filter.FormContentFilter.doFilterInternal(FormContentFilter.java:92) ~[spring-web-5.1.7.RELEASE.jar:5.1.7.RELEASE]
	at org.springframework.web.filter.OncePerRequestFilter.doFilter(OncePerRequestFilter.java:107) ~[spring-web-5.1.7.RELEASE.jar:5.1.7.RELEASE]
	at org.apache.catalina.core.ApplicationFilterChain.internalDoFilter(ApplicationFilterChain.java:193) ~[tomcat-embed-core-9.0.19.jar:9.0.19]
	at org.apache.catalina.core.ApplicationFilterChain.doFilter(ApplicationFilterChain.java:166) ~[tomcat-embed-core-9.0.19.jar:9.0.19]
	at org.springframework.web.filter.HiddenHttpMethodFilter.doFilterInternal(HiddenHttpMethodFilter.java:93) ~[spring-web-5.1.7.RELEASE.jar:5.1.7.RELEASE]
	at org.springframework.web.filter.OncePerRequestFilter.doFilter(OncePerRequestFilter.java:107) ~[spring-web-5.1.7.RELEASE.jar:5.1.7.RELEASE]
	at org.apache.catalina.core.ApplicationFilterChain.internalDoFilter(ApplicationFilterChain.java:193) ~[tomcat-embed-core-9.0.19.jar:9.0.19]
	at org.apache.catalina.core.ApplicationFilterChain.doFilter(ApplicationFilterChain.java:166) ~[tomcat-embed-core-9.0.19.jar:9.0.19]
	at org.springframework.web.filter.CharacterEncodingFilter.doFilterInternal(CharacterEncodingFilter.java:200) ~[spring-web-5.1.7.RELEASE.jar:5.1.7.RELEASE]
	at org.springframework.web.filter.OncePerRequestFilter.doFilter(OncePerRequestFilter.java:107) ~[spring-web-5.1.7.RELEASE.jar:5.1.7.RELEASE]
	at org.apache.catalina.core.ApplicationFilterChain.internalDoFilter(ApplicationFilterChain.java:193) ~[tomcat-embed-core-9.0.19.jar:9.0.19]
	at org.apache.catalina.core.ApplicationFilterChain.doFilter(ApplicationFilterChain.java:166) ~[tomcat-embed-core-9.0.19.jar:9.0.19]
	at org.apache.catalina.core.StandardWrapperValve.invoke(StandardWrapperValve.java:200) ~[tomcat-embed-core-9.0.19.jar:9.0.19]
	at org.apache.catalina.core.StandardContextValve.invoke(StandardContextValve.java:96) [tomcat-embed-core-9.0.19.jar:9.0.19]
	at org.apache.catalina.authenticator.AuthenticatorBase.invoke(AuthenticatorBase.java:490) [tomcat-embed-core-9.0.19.jar:9.0.19]
	at org.apache.catalina.core.StandardHostValve.invoke(StandardHostValve.java:139) [tomcat-embed-core-9.0.19.jar:9.0.19]
	at org.apache.catalina.valves.ErrorReportValve.invoke(ErrorReportValve.java:92) [tomcat-embed-core-9.0.19.jar:9.0.19]
	at org.apache.catalina.core.StandardEngineValve.invoke(StandardEngineValve.java:74) [tomcat-embed-core-9.0.19.jar:9.0.19]
	at org.apache.catalina.connector.CoyoteAdapter.service(CoyoteAdapter.java:343) [tomcat-embed-core-9.0.19.jar:9.0.19]
	at org.apache.coyote.http11.Http11Processor.service(Http11Processor.java:408) [tomcat-embed-core-9.0.19.jar:9.0.19]
	at org.apache.coyote.AbstractProcessorLight.process(AbstractProcessorLight.java:66) [tomcat-embed-core-9.0.19.jar:9.0.19]
	at org.apache.coyote.AbstractProtocol$ConnectionHandler.process(AbstractProtocol.java:836) [tomcat-embed-core-9.0.19.jar:9.0.19]
	at org.apache.tomcat.util.net.NioEndpoint$SocketProcessor.doRun(NioEndpoint.java:1747) [tomcat-embed-core-9.0.19.jar:9.0.19]
	at org.apache.tomcat.util.net.SocketProcessorBase.run(SocketProcessorBase.java:49) [tomcat-embed-core-9.0.19.jar:9.0.19]
	at java.util.concurrent.ThreadPoolExecutor.runWorker(ThreadPoolExecutor.java:1149) [na:1.8.0_181]
	at java.util.concurrent.ThreadPoolExecutor$Worker.run(ThreadPoolExecutor.java:624) [na:1.8.0_181]
	at org.apache.tomcat.util.threads.TaskThread$WrappingRunnable.run(TaskThread.java:61) [tomcat-embed-core-9.0.19.jar:9.0.19]
	at java.lang.Thread.run(Thread.java:748) [na:1.8.0_181]

2019-05-28 17:52:43.290  INFO 8088 --- [main] c.e.demo.FirstSpringBootApplication      : Starting FirstSpringBootApplication on Dhalia-PC-15 with PID 8088 (D:\spring\firstSpringBoot\target\classes started by Anagha in D:\spring\firstSpringBoot)
2019-05-28 17:52:43.293  INFO 8088 --- [main] c.e.demo.FirstSpringBootApplication      : No active profile set, falling back to default profiles: default
2019-05-28 17:52:44.162  INFO 8088 --- [main] o.s.b.w.embedded.tomcat.TomcatWebServer  : Tomcat initialized with port(s): 9090 (http)
2019-05-28 17:52:44.179  INFO 8088 --- [main] o.apache.catalina.core.StandardService   : Starting service [Tomcat]
2019-05-28 17:52:44.180  INFO 8088 --- [main] org.apache.catalina.core.StandardEngine  : Starting Servlet engine: [Apache Tomcat/9.0.19]
2019-05-28 17:52:44.249  INFO 8088 --- [main] o.a.c.c.C.[Tomcat].[localhost].[/]       : Initializing Spring embedded WebApplicationContext
2019-05-28 17:52:44.249  INFO 8088 --- [main] o.s.web.context.ContextLoader            : Root WebApplicationContext: initialization completed in 915 ms
2019-05-28 17:52:44.560  INFO 8088 --- [main] o.s.s.concurrent.ThreadPoolTaskExecutor  : Initializing ExecutorService 'applicationTaskExecutor'
2019-05-28 17:52:44.730  INFO 8088 --- [main] .s.s.UserDetailsServiceAutoConfiguration : 

Using generated security password: 3dd7efe6-4e06-44b0-8fea-a999d757ab58

2019-05-28 17:52:44.786  INFO 8088 --- [main] o.s.s.web.DefaultSecurityFilterChain     : Creating filter chain: OrRequestMatcher [requestMatchers=[Ant [pattern='/home']]], [org.springframework.security.web.context.request.async.WebAsyncManagerIntegrationFilter@598260a6, org.springframework.security.web.context.SecurityContextPersistenceFilter@12b5454f, org.springframework.security.web.header.HeaderWriterFilter@58f07f02, org.springframework.security.web.csrf.CsrfFilter@680d4a6a, org.springframework.security.web.authentication.logout.LogoutFilter@3bec2275, org.springframework.security.web.savedrequest.RequestCacheAwareFilter@1431267b, org.springframework.security.web.servletapi.SecurityContextHolderAwareRequestFilter@7c75db8b, org.springframework.security.web.authentication.AnonymousAuthenticationFilter@58b67519, org.springframework.security.web.session.SessionManagementFilter@2add4d24, org.springframework.security.web.access.ExceptionTranslationFilter@26a262d6]
2019-05-28 17:52:44.845 ERROR 8088 --- [main] org.apache.catalina.util.LifecycleBase   : Failed to start component [Connector[HTTP/1.1-9090]]

org.apache.catalina.LifecycleException: Protocol handler start failed
	at org.apache.catalina.connector.Connector.startInternal(Connector.java:1008) ~[tomcat-embed-core-9.0.19.jar:9.0.19]
	at org.apache.catalina.util.LifecycleBase.start(LifecycleBase.java:183) ~[tomcat-embed-core-9.0.19.jar:9.0.19]
	at org.apache.catalina.core.StandardService.addConnector(StandardService.java:226) [tomcat-embed-core-9.0.19.jar:9.0.19]
	at org.springframework.boot.web.embedded.tomcat.TomcatWebServer.addPreviouslyRemovedConnectors(TomcatWebServer.java:259) [spring-boot-2.1.5.RELEASE.jar:2.1.5.RELEASE]
	at org.springframework.boot.web.embedded.tomcat.TomcatWebServer.start(TomcatWebServer.java:197) [spring-boot-2.1.5.RELEASE.jar:2.1.5.RELEASE]
	at org.springframework.boot.web.servlet.context.ServletWebServerApplicationContext.startWebServer(ServletWebServerApplicationContext.java:311) [spring-boot-2.1.5.RELEASE.jar:2.1.5.RELEASE]
	at org.springframework.boot.web.servlet.context.ServletWebServerApplicationContext.finishRefresh(ServletWebServerApplicationContext.java:164) [spring-boot-2.1.5.RELEASE.jar:2.1.5.RELEASE]
	at org.springframework.context.support.AbstractApplicationContext.refresh(AbstractApplicationContext.java:552) [spring-context-5.1.7.RELEASE.jar:5.1.7.RELEASE]
	at org.springframework.boot.web.servlet.context.ServletWebServerApplicationContext.refresh(ServletWebServerApplicationContext.java:142) [spring-boot-2.1.5.RELEASE.jar:2.1.5.RELEASE]
	at org.springframework.boot.SpringApplication.refresh(SpringApplication.java:775) [spring-boot-2.1.5.RELEASE.jar:2.1.5.RELEASE]
	at org.springframework.boot.SpringApplication.refreshContext(SpringApplication.java:397) [spring-boot-2.1.5.RELEASE.jar:2.1.5.RELEASE]
	at org.springframework.boot.SpringApplication.run(SpringApplication.java:316) [spring-boot-2.1.5.RELEASE.jar:2.1.5.RELEASE]
	at org.springframework.boot.SpringApplication.run(SpringApplication.java:1260) [spring-boot-2.1.5.RELEASE.jar:2.1.5.RELEASE]
	at org.springframework.boot.SpringApplication.run(SpringApplication.java:1248) [spring-boot-2.1.5.RELEASE.jar:2.1.5.RELEASE]
	at com.example.demo.FirstSpringBootApplication.main(FirstSpringBootApplication.java:18) [classes/:na]
Caused by: java.net.BindException: Address already in use: bind
	at sun.nio.ch.Net.bind0(Native Method) ~[na:1.8.0_181]
	at sun.nio.ch.Net.bind(Net.java:433) ~[na:1.8.0_181]
	at sun.nio.ch.Net.bind(Net.java:425) ~[na:1.8.0_181]
	at sun.nio.ch.ServerSocketChannelImpl.bind(ServerSocketChannelImpl.java:223) ~[na:1.8.0_181]
	at sun.nio.ch.ServerSocketAdaptor.bind(ServerSocketAdaptor.java:74) ~[na:1.8.0_181]
	at org.apache.tomcat.util.net.NioEndpoint.initServerSocket(NioEndpoint.java:239) ~[tomcat-embed-core-9.0.19.jar:9.0.19]
	at org.apache.tomcat.util.net.NioEndpoint.bind(NioEndpoint.java:213) ~[tomcat-embed-core-9.0.19.jar:9.0.19]
	at org.apache.tomcat.util.net.AbstractEndpoint.bindWithCleanup(AbstractEndpoint.java:1116) ~[tomcat-embed-core-9.0.19.jar:9.0.19]
	at org.apache.tomcat.util.net.AbstractEndpoint.start(AbstractEndpoint.java:1202) ~[tomcat-embed-core-9.0.19.jar:9.0.19]
	at org.apache.coyote.AbstractProtocol.start(AbstractProtocol.java:568) ~[tomcat-embed-core-9.0.19.jar:9.0.19]
	at org.apache.catalina.connector.Connector.startInternal(Connector.java:1005) ~[tomcat-embed-core-9.0.19.jar:9.0.19]
	... 14 common frames omitted

2019-05-28 17:52:44.849  INFO 8088 --- [main] o.apache.catalina.core.StandardService   : Stopping service [Tomcat]
2019-05-28 17:52:44.855  INFO 8088 --- [main] ConditionEvaluationReportLoggingListener : 

Error starting ApplicationContext. To display the conditions report re-run your application with 'debug' enabled.
2019-05-28 17:52:44.859 ERROR 8088 --- [main] o.s.b.d.LoggingFailureAnalysisReporter   : 

***************************
APPLICATION FAILED TO START
***************************

Description:

The Tomcat connector configured to listen on port 9090 failed to start. The port may already be in use or the connector may be misconfigured.

Action:

Verify the connector's configuration, identify and stop any process that's listening on port 9090, or configure this application to listen on another port.

2019-05-28 17:52:44.862  INFO 8088 --- [main] o.s.s.concurrent.ThreadPoolTaskExecutor  : Shutting down ExecutorService 'applicationTaskExecutor'
2019-05-28 17:52:46.811  INFO 4736 --- [RMI TCP Connection(2)-127.0.0.1] inMXBeanRegistrar$SpringApplicationAdmin : Application shutdown requested.
2019-05-28 17:52:46.813  INFO 4736 --- [RMI TCP Connection(2)-127.0.0.1] o.s.s.concurrent.ThreadPoolTaskExecutor  : Shutting down ExecutorService 'applicationTaskExecutor'
2019-05-28 17:52:51.397  INFO 9084 --- [main] c.e.demo.FirstSpringBootApplication      : Starting FirstSpringBootApplication on Dhalia-PC-15 with PID 9084 (D:\spring\firstSpringBoot\target\classes started by Anagha in D:\spring\firstSpringBoot)
2019-05-28 17:52:51.399  INFO 9084 --- [main] c.e.demo.FirstSpringBootApplication      : No active profile set, falling back to default profiles: default
2019-05-28 17:52:52.254  INFO 9084 --- [main] o.s.b.w.embedded.tomcat.TomcatWebServer  : Tomcat initialized with port(s): 9090 (http)
2019-05-28 17:52:52.271  INFO 9084 --- [main] o.apache.catalina.core.StandardService   : Starting service [Tomcat]
2019-05-28 17:52:52.272  INFO 9084 --- [main] org.apache.catalina.core.StandardEngine  : Starting Servlet engine: [Apache Tomcat/9.0.19]
2019-05-28 17:52:52.338  INFO 9084 --- [main] o.a.c.c.C.[Tomcat].[localhost].[/]       : Initializing Spring embedded WebApplicationContext
2019-05-28 17:52:52.338  INFO 9084 --- [main] o.s.web.context.ContextLoader            : Root WebApplicationContext: initialization completed in 897 ms
2019-05-28 17:52:52.653  INFO 9084 --- [main] o.s.s.concurrent.ThreadPoolTaskExecutor  : Initializing ExecutorService 'applicationTaskExecutor'
2019-05-28 17:52:52.830  INFO 9084 --- [main] .s.s.UserDetailsServiceAutoConfiguration : 

Using generated security password: 4d19679a-acf1-41de-b46d-22ec02f12fe2

2019-05-28 17:52:52.882  INFO 9084 --- [main] o.s.s.web.DefaultSecurityFilterChain     : Creating filter chain: OrRequestMatcher [requestMatchers=[Ant [pattern='/home']]], [org.springframework.security.web.context.request.async.WebAsyncManagerIntegrationFilter@58a63629, org.springframework.security.web.context.SecurityContextPersistenceFilter@b965857, org.springframework.security.web.header.HeaderWriterFilter@3701e6e4, org.springframework.security.web.csrf.CsrfFilter@5782d777, org.springframework.security.web.authentication.logout.LogoutFilter@5bcb04cb, org.springframework.security.web.savedrequest.RequestCacheAwareFilter@27a7ef08, org.springframework.security.web.servletapi.SecurityContextHolderAwareRequestFilter@2dddc1b9, org.springframework.security.web.authentication.AnonymousAuthenticationFilter@7de843ef, org.springframework.security.web.session.SessionManagementFilter@4ce14f05, org.springframework.security.web.access.ExceptionTranslationFilter@301aa982]
2019-05-28 17:52:52.949  INFO 9084 --- [main] o.s.b.w.embedded.tomcat.TomcatWebServer  : Tomcat started on port(s): 9090 (http) with context path ''
2019-05-28 17:52:52.952  INFO 9084 --- [main] c.e.demo.FirstSpringBootApplication      : Started FirstSpringBootApplication in 1.798 seconds (JVM running for 2.217)
2019-05-28 17:52:58.855  INFO 9084 --- [http-nio-9090-exec-1] o.a.c.c.C.[Tomcat].[localhost].[/]       : Initializing Spring DispatcherServlet 'dispatcherServlet'
2019-05-28 17:52:58.856  INFO 9084 --- [http-nio-9090-exec-1] o.s.web.servlet.DispatcherServlet        : Initializing Servlet 'dispatcherServlet'
2019-05-28 17:52:58.861  INFO 9084 --- [http-nio-9090-exec-1] o.s.web.servlet.DispatcherServlet        : Completed initialization in 5 ms
2019-05-28 17:52:58.880  INFO 9084 --- [http-nio-9090-exec-1] com.example.demo.ServiceController       : ***getAll***	org.apache.ibatis.binding.MapperProxy@2b547e75
2019-05-28 17:52:58.920  INFO 9084 --- [http-nio-9090-exec-1] com.zaxxer.hikari.HikariDataSource       : HikariPool-1 - Starting...
2019-05-28 17:52:59.203  INFO 9084 --- [http-nio-9090-exec-1] com.zaxxer.hikari.HikariDataSource       : HikariPool-1 - Start completed.
2019-05-28 17:54:28.393  INFO 9084 --- [RMI TCP Connection(2)-127.0.0.1] inMXBeanRegistrar$SpringApplicationAdmin : Application shutdown requested.
2019-05-28 17:54:28.396  INFO 9084 --- [RMI TCP Connection(2)-127.0.0.1] o.s.s.concurrent.ThreadPoolTaskExecutor  : Shutting down ExecutorService 'applicationTaskExecutor'
2019-05-28 17:54:28.397  INFO 9084 --- [RMI TCP Connection(2)-127.0.0.1] com.zaxxer.hikari.HikariDataSource       : HikariPool-1 - Shutdown initiated...
2019-05-28 17:54:28.406  INFO 9084 --- [RMI TCP Connection(2)-127.0.0.1] com.zaxxer.hikari.HikariDataSource       : HikariPool-1 - Shutdown completed.
2019-05-28 17:54:33.251  INFO 9224 --- [main] c.e.demo.FirstSpringBootApplication      : Starting FirstSpringBootApplication on Dhalia-PC-15 with PID 9224 (D:\spring\firstSpringBoot\target\classes started by Anagha in D:\spring\firstSpringBoot)
2019-05-28 17:54:33.254  INFO 9224 --- [main] c.e.demo.FirstSpringBootApplication      : No active profile set, falling back to default profiles: default
2019-05-28 17:54:34.113  INFO 9224 --- [main] o.s.b.w.embedded.tomcat.TomcatWebServer  : Tomcat initialized with port(s): 9090 (http)
2019-05-28 17:54:34.130  INFO 9224 --- [main] o.apache.catalina.core.StandardService   : Starting service [Tomcat]
2019-05-28 17:54:34.132  INFO 9224 --- [main] org.apache.catalina.core.StandardEngine  : Starting Servlet engine: [Apache Tomcat/9.0.19]
2019-05-28 17:54:34.210  INFO 9224 --- [main] o.a.c.c.C.[Tomcat].[localhost].[/]       : Initializing Spring embedded WebApplicationContext
2019-05-28 17:54:34.211  INFO 9224 --- [main] o.s.web.context.ContextLoader            : Root WebApplicationContext: initialization completed in 914 ms
2019-05-28 17:54:34.508  INFO 9224 --- [main] o.s.s.concurrent.ThreadPoolTaskExecutor  : Initializing ExecutorService 'applicationTaskExecutor'
2019-05-28 17:54:34.682  INFO 9224 --- [main] .s.s.UserDetailsServiceAutoConfiguration : 

Using generated security password: 4a759cac-5497-4610-94f3-dc08fef3bbc6

2019-05-28 17:54:34.730  INFO 9224 --- [main] o.s.s.web.DefaultSecurityFilterChain     : Creating filter chain: OrRequestMatcher [requestMatchers=[Ant [pattern='/home']]], [org.springframework.security.web.context.request.async.WebAsyncManagerIntegrationFilter@2f1ea80d, org.springframework.security.web.context.SecurityContextPersistenceFilter@2e1af49b, org.springframework.security.web.header.HeaderWriterFilter@6482eef, org.springframework.security.web.csrf.CsrfFilter@6401d0a0, org.springframework.security.web.authentication.logout.LogoutFilter@21618fa7, org.springframework.security.web.savedrequest.RequestCacheAwareFilter@56ac5c80, org.springframework.security.web.servletapi.SecurityContextHolderAwareRequestFilter@7048535f, org.springframework.security.web.authentication.AnonymousAuthenticationFilter@37191ef0, org.springframework.security.web.session.SessionManagementFilter@58a63629, org.springframework.security.web.access.ExceptionTranslationFilter@41b0ae4c]
2019-05-28 17:54:34.794  INFO 9224 --- [main] o.s.b.w.embedded.tomcat.TomcatWebServer  : Tomcat started on port(s): 9090 (http) with context path ''
2019-05-28 17:54:34.797  INFO 9224 --- [main] c.e.demo.FirstSpringBootApplication      : Started FirstSpringBootApplication in 1.803 seconds (JVM running for 2.245)
2019-05-28 17:54:43.704  INFO 9224 --- [http-nio-9090-exec-1] o.a.c.c.C.[Tomcat].[localhost].[/]       : Initializing Spring DispatcherServlet 'dispatcherServlet'
2019-05-28 17:54:43.704  INFO 9224 --- [http-nio-9090-exec-1] o.s.web.servlet.DispatcherServlet        : Initializing Servlet 'dispatcherServlet'
2019-05-28 17:54:43.709  INFO 9224 --- [http-nio-9090-exec-1] o.s.web.servlet.DispatcherServlet        : Completed initialization in 4 ms
2019-05-28 17:54:43.728  INFO 9224 --- [http-nio-9090-exec-1] com.example.demo.ServiceController       : ***getAll***
2019-05-28 17:54:43.740  INFO 9224 --- [http-nio-9090-exec-1] com.zaxxer.hikari.HikariDataSource       : HikariPool-1 - Starting...
2019-05-28 17:54:44.020  INFO 9224 --- [http-nio-9090-exec-1] com.zaxxer.hikari.HikariDataSource       : HikariPool-1 - Start completed.
2019-05-28 18:58:50.458  INFO 7032 --- [main] c.e.demo.FirstSpringBootApplication      : Starting FirstSpringBootApplication on Dhalia-PC-15 with PID 7032 (D:\spring\firstSpringBoot\target\classes started by Anagha in D:\spring\firstSpringBoot)
2019-05-28 18:58:50.460  INFO 7032 --- [main] c.e.demo.FirstSpringBootApplication      : No active profile set, falling back to default profiles: default
2019-05-28 18:58:51.509  INFO 7032 --- [main] o.s.b.w.embedded.tomcat.TomcatWebServer  : Tomcat initialized with port(s): 9090 (http)
2019-05-28 18:58:51.527  INFO 7032 --- [main] o.apache.catalina.core.StandardService   : Starting service [Tomcat]
2019-05-28 18:58:51.528  INFO 7032 --- [main] org.apache.catalina.core.StandardEngine  : Starting Servlet engine: [Apache Tomcat/9.0.19]
2019-05-28 18:58:51.599  INFO 7032 --- [main] o.a.c.c.C.[Tomcat].[localhost].[/]       : Initializing Spring embedded WebApplicationContext
2019-05-28 18:58:51.599  INFO 7032 --- [main] o.s.web.context.ContextLoader            : Root WebApplicationContext: initialization completed in 1096 ms
2019-05-28 18:58:51.942  INFO 7032 --- [main] o.s.s.concurrent.ThreadPoolTaskExecutor  : Initializing ExecutorService 'applicationTaskExecutor'
2019-05-28 18:58:52.159  INFO 7032 --- [main] .s.s.UserDetailsServiceAutoConfiguration : 

Using generated security password: e5574701-84b5-4621-a1d9-b1fe09b2db49

2019-05-28 18:58:52.211  INFO 7032 --- [main] o.s.s.web.DefaultSecurityFilterChain     : Creating filter chain: OrRequestMatcher [requestMatchers=[Ant [pattern='/home']]], [org.springframework.security.web.context.request.async.WebAsyncManagerIntegrationFilter@40f8f5a8, org.springframework.security.web.context.SecurityContextPersistenceFilter@1b7cae6f, org.springframework.security.web.header.HeaderWriterFilter@58a63629, org.springframework.security.web.csrf.CsrfFilter@7495699f, org.springframework.security.web.authentication.logout.LogoutFilter@4dbad37, org.springframework.security.web.savedrequest.RequestCacheAwareFilter@d5ce97f, org.springframework.security.web.servletapi.SecurityContextHolderAwareRequestFilter@21618fa7, org.springframework.security.web.authentication.AnonymousAuthenticationFilter@1ffcf674, org.springframework.security.web.session.SessionManagementFilter@4f4c789f, org.springframework.security.web.access.ExceptionTranslationFilter@2bef09c0]
2019-05-28 18:58:52.277 ERROR 7032 --- [main] org.apache.catalina.util.LifecycleBase   : Failed to start component [Connector[HTTP/1.1-9090]]

org.apache.catalina.LifecycleException: Protocol handler start failed
	at org.apache.catalina.connector.Connector.startInternal(Connector.java:1008) ~[tomcat-embed-core-9.0.19.jar:9.0.19]
	at org.apache.catalina.util.LifecycleBase.start(LifecycleBase.java:183) ~[tomcat-embed-core-9.0.19.jar:9.0.19]
	at org.apache.catalina.core.StandardService.addConnector(StandardService.java:226) [tomcat-embed-core-9.0.19.jar:9.0.19]
	at org.springframework.boot.web.embedded.tomcat.TomcatWebServer.addPreviouslyRemovedConnectors(TomcatWebServer.java:259) [spring-boot-2.1.5.RELEASE.jar:2.1.5.RELEASE]
	at org.springframework.boot.web.embedded.tomcat.TomcatWebServer.start(TomcatWebServer.java:197) [spring-boot-2.1.5.RELEASE.jar:2.1.5.RELEASE]
	at org.springframework.boot.web.servlet.context.ServletWebServerApplicationContext.startWebServer(ServletWebServerApplicationContext.java:311) [spring-boot-2.1.5.RELEASE.jar:2.1.5.RELEASE]
	at org.springframework.boot.web.servlet.context.ServletWebServerApplicationContext.finishRefresh(ServletWebServerApplicationContext.java:164) [spring-boot-2.1.5.RELEASE.jar:2.1.5.RELEASE]
	at org.springframework.context.support.AbstractApplicationContext.refresh(AbstractApplicationContext.java:552) [spring-context-5.1.7.RELEASE.jar:5.1.7.RELEASE]
	at org.springframework.boot.web.servlet.context.ServletWebServerApplicationContext.refresh(ServletWebServerApplicationContext.java:142) [spring-boot-2.1.5.RELEASE.jar:2.1.5.RELEASE]
	at org.springframework.boot.SpringApplication.refresh(SpringApplication.java:775) [spring-boot-2.1.5.RELEASE.jar:2.1.5.RELEASE]
	at org.springframework.boot.SpringApplication.refreshContext(SpringApplication.java:397) [spring-boot-2.1.5.RELEASE.jar:2.1.5.RELEASE]
	at org.springframework.boot.SpringApplication.run(SpringApplication.java:316) [spring-boot-2.1.5.RELEASE.jar:2.1.5.RELEASE]
	at org.springframework.boot.SpringApplication.run(SpringApplication.java:1260) [spring-boot-2.1.5.RELEASE.jar:2.1.5.RELEASE]
	at org.springframework.boot.SpringApplication.run(SpringApplication.java:1248) [spring-boot-2.1.5.RELEASE.jar:2.1.5.RELEASE]
	at com.example.demo.FirstSpringBootApplication.main(FirstSpringBootApplication.java:18) [classes/:na]
Caused by: java.net.BindException: Address already in use: bind
	at sun.nio.ch.Net.bind0(Native Method) ~[na:1.8.0_181]
	at sun.nio.ch.Net.bind(Net.java:433) ~[na:1.8.0_181]
	at sun.nio.ch.Net.bind(Net.java:425) ~[na:1.8.0_181]
	at sun.nio.ch.ServerSocketChannelImpl.bind(ServerSocketChannelImpl.java:223) ~[na:1.8.0_181]
	at sun.nio.ch.ServerSocketAdaptor.bind(ServerSocketAdaptor.java:74) ~[na:1.8.0_181]
	at org.apache.tomcat.util.net.NioEndpoint.initServerSocket(NioEndpoint.java:239) ~[tomcat-embed-core-9.0.19.jar:9.0.19]
	at org.apache.tomcat.util.net.NioEndpoint.bind(NioEndpoint.java:213) ~[tomcat-embed-core-9.0.19.jar:9.0.19]
	at org.apache.tomcat.util.net.AbstractEndpoint.bindWithCleanup(AbstractEndpoint.java:1116) ~[tomcat-embed-core-9.0.19.jar:9.0.19]
	at org.apache.tomcat.util.net.AbstractEndpoint.start(AbstractEndpoint.java:1202) ~[tomcat-embed-core-9.0.19.jar:9.0.19]
	at org.apache.coyote.AbstractProtocol.start(AbstractProtocol.java:568) ~[tomcat-embed-core-9.0.19.jar:9.0.19]
	at org.apache.catalina.connector.Connector.startInternal(Connector.java:1005) ~[tomcat-embed-core-9.0.19.jar:9.0.19]
	... 14 common frames omitted

2019-05-28 18:58:52.281  INFO 7032 --- [main] o.apache.catalina.core.StandardService   : Stopping service [Tomcat]
2019-05-28 18:58:52.289  INFO 7032 --- [main] ConditionEvaluationReportLoggingListener : 

Error starting ApplicationContext. To display the conditions report re-run your application with 'debug' enabled.
2019-05-28 18:58:52.292 ERROR 7032 --- [main] o.s.b.d.LoggingFailureAnalysisReporter   : 

***************************
APPLICATION FAILED TO START
***************************

Description:

The Tomcat connector configured to listen on port 9090 failed to start. The port may already be in use or the connector may be misconfigured.

Action:

Verify the connector's configuration, identify and stop any process that's listening on port 9090, or configure this application to listen on another port.

2019-05-28 18:58:52.295  INFO 7032 --- [main] o.s.s.concurrent.ThreadPoolTaskExecutor  : Shutting down ExecutorService 'applicationTaskExecutor'
2019-05-28 18:58:55.932  INFO 9224 --- [RMI TCP Connection(2)-127.0.0.1] inMXBeanRegistrar$SpringApplicationAdmin : Application shutdown requested.
2019-05-28 18:58:55.935  INFO 9224 --- [RMI TCP Connection(2)-127.0.0.1] o.s.s.concurrent.ThreadPoolTaskExecutor  : Shutting down ExecutorService 'applicationTaskExecutor'
2019-05-28 18:58:55.936  INFO 9224 --- [RMI TCP Connection(2)-127.0.0.1] com.zaxxer.hikari.HikariDataSource       : HikariPool-1 - Shutdown initiated...
2019-05-28 18:58:55.944  INFO 9224 --- [RMI TCP Connection(2)-127.0.0.1] com.zaxxer.hikari.HikariDataSource       : HikariPool-1 - Shutdown completed.
2019-05-28 18:59:00.489  INFO 7564 --- [main] c.e.demo.FirstSpringBootApplication      : Starting FirstSpringBootApplication on Dhalia-PC-15 with PID 7564 (D:\spring\firstSpringBoot\target\classes started by Anagha in D:\spring\firstSpringBoot)
2019-05-28 18:59:00.492  INFO 7564 --- [main] c.e.demo.FirstSpringBootApplication      : No active profile set, falling back to default profiles: default
2019-05-28 18:59:01.402  INFO 7564 --- [main] o.s.b.w.embedded.tomcat.TomcatWebServer  : Tomcat initialized with port(s): 9090 (http)
2019-05-28 18:59:01.421  INFO 7564 --- [main] o.apache.catalina.core.StandardService   : Starting service [Tomcat]
2019-05-28 18:59:01.422  INFO 7564 --- [main] org.apache.catalina.core.StandardEngine  : Starting Servlet engine: [Apache Tomcat/9.0.19]
2019-05-28 18:59:01.493  INFO 7564 --- [main] o.a.c.c.C.[Tomcat].[localhost].[/]       : Initializing Spring embedded WebApplicationContext
2019-05-28 18:59:01.493  INFO 7564 --- [main] o.s.web.context.ContextLoader            : Root WebApplicationContext: initialization completed in 955 ms
2019-05-28 18:59:01.815  INFO 7564 --- [main] o.s.s.concurrent.ThreadPoolTaskExecutor  : Initializing ExecutorService 'applicationTaskExecutor'
2019-05-28 18:59:02.024  INFO 7564 --- [main] .s.s.UserDetailsServiceAutoConfiguration : 

Using generated security password: 80b884ac-b18b-4ef9-be08-ae1110b84497

2019-05-28 18:59:02.075  INFO 7564 --- [main] o.s.s.web.DefaultSecurityFilterChain     : Creating filter chain: OrRequestMatcher [requestMatchers=[Ant [pattern='/home']]], [org.springframework.security.web.context.request.async.WebAsyncManagerIntegrationFilter@5edf2821, org.springframework.security.web.context.SecurityContextPersistenceFilter@69e49a81, org.springframework.security.web.header.HeaderWriterFilter@1cb37ee4, org.springframework.security.web.csrf.CsrfFilter@b965857, org.springframework.security.web.authentication.logout.LogoutFilter@4d7aaca2, org.springframework.security.web.savedrequest.RequestCacheAwareFilter@3ece1e79, org.springframework.security.web.servletapi.SecurityContextHolderAwareRequestFilter@2f04105, org.springframework.security.web.authentication.AnonymousAuthenticationFilter@4dbad37, org.springframework.security.web.session.SessionManagementFilter@3fd2322d, org.springframework.security.web.access.ExceptionTranslationFilter@1fcf9739]
2019-05-28 18:59:02.279  INFO 7564 --- [main] o.s.b.w.embedded.tomcat.TomcatWebServer  : Tomcat started on port(s): 9090 (http) with context path ''
2019-05-28 18:59:02.288  INFO 7564 --- [main] c.e.demo.FirstSpringBootApplication      : Started FirstSpringBootApplication in 2.062 seconds (JVM running for 2.516)
2019-05-28 18:59:45.784  INFO 7564 --- [http-nio-9090-exec-1] o.a.c.c.C.[Tomcat].[localhost].[/]       : Initializing Spring DispatcherServlet 'dispatcherServlet'
2019-05-28 18:59:45.784  INFO 7564 --- [http-nio-9090-exec-1] o.s.web.servlet.DispatcherServlet        : Initializing Servlet 'dispatcherServlet'
2019-05-28 18:59:45.789  INFO 7564 --- [http-nio-9090-exec-1] o.s.web.servlet.DispatcherServlet        : Completed initialization in 5 ms
2019-05-28 18:59:45.848  INFO 7564 --- [http-nio-9090-exec-1] com.example.demo.ServiceController       : ***addUser***
2019-05-28 18:59:45.875  INFO 7564 --- [http-nio-9090-exec-1] com.zaxxer.hikari.HikariDataSource       : HikariPool-1 - Starting...
2019-05-28 18:59:46.150  INFO 7564 --- [http-nio-9090-exec-1] com.zaxxer.hikari.HikariDataSource       : HikariPool-1 - Start completed.
2019-05-28 19:11:42.936  INFO 4628 --- [main] c.e.demo.FirstSpringBootApplication      : Starting FirstSpringBootApplication on Dhalia-PC-15 with PID 4628 (D:\spring\firstSpringBoot\target\classes started by Anagha in D:\spring\firstSpringBoot)
2019-05-28 19:11:42.939  INFO 4628 --- [main] c.e.demo.FirstSpringBootApplication      : No active profile set, falling back to default profiles: default
2019-05-28 19:11:43.873  INFO 4628 --- [main] o.s.b.w.embedded.tomcat.TomcatWebServer  : Tomcat initialized with port(s): 9090 (http)
2019-05-28 19:11:43.892  INFO 4628 --- [main] o.apache.catalina.core.StandardService   : Starting service [Tomcat]
2019-05-28 19:11:43.892  INFO 4628 --- [main] org.apache.catalina.core.StandardEngine  : Starting Servlet engine: [Apache Tomcat/9.0.19]
2019-05-28 19:11:43.960  INFO 4628 --- [main] o.a.c.c.C.[Tomcat].[localhost].[/]       : Initializing Spring embedded WebApplicationContext
2019-05-28 19:11:43.960  INFO 4628 --- [main] o.s.web.context.ContextLoader            : Root WebApplicationContext: initialization completed in 976 ms
2019-05-28 19:11:44.276  INFO 4628 --- [main] o.s.s.concurrent.ThreadPoolTaskExecutor  : Initializing ExecutorService 'applicationTaskExecutor'
2019-05-28 19:11:44.462  INFO 4628 --- [main] .s.s.UserDetailsServiceAutoConfiguration : 

Using generated security password: eef9d1af-b4fd-42ff-affc-f68d38102377

2019-05-28 19:11:44.511  INFO 4628 --- [main] o.s.s.web.DefaultSecurityFilterChain     : Creating filter chain: OrRequestMatcher [requestMatchers=[Ant [pattern='/home']]], [org.springframework.security.web.context.request.async.WebAsyncManagerIntegrationFilter@58e85c6f, org.springframework.security.web.context.SecurityContextPersistenceFilter@11bd803, org.springframework.security.web.header.HeaderWriterFilter@15f2eda3, org.springframework.security.web.csrf.CsrfFilter@56ac5c80, org.springframework.security.web.authentication.logout.LogoutFilter@de77232, org.springframework.security.web.savedrequest.RequestCacheAwareFilter@75798d03, org.springframework.security.web.servletapi.SecurityContextHolderAwareRequestFilter@12b5454f, org.springframework.security.web.authentication.AnonymousAuthenticationFilter@a137d7a, org.springframework.security.web.session.SessionManagementFilter@7b4acdc2, org.springframework.security.web.access.ExceptionTranslationFilter@51351f28]
2019-05-28 19:11:44.575 ERROR 4628 --- [main] org.apache.catalina.util.LifecycleBase   : Failed to start component [Connector[HTTP/1.1-9090]]

org.apache.catalina.LifecycleException: Protocol handler start failed
	at org.apache.catalina.connector.Connector.startInternal(Connector.java:1008) ~[tomcat-embed-core-9.0.19.jar:9.0.19]
	at org.apache.catalina.util.LifecycleBase.start(LifecycleBase.java:183) ~[tomcat-embed-core-9.0.19.jar:9.0.19]
	at org.apache.catalina.core.StandardService.addConnector(StandardService.java:226) [tomcat-embed-core-9.0.19.jar:9.0.19]
	at org.springframework.boot.web.embedded.tomcat.TomcatWebServer.addPreviouslyRemovedConnectors(TomcatWebServer.java:259) [spring-boot-2.1.5.RELEASE.jar:2.1.5.RELEASE]
	at org.springframework.boot.web.embedded.tomcat.TomcatWebServer.start(TomcatWebServer.java:197) [spring-boot-2.1.5.RELEASE.jar:2.1.5.RELEASE]
	at org.springframework.boot.web.servlet.context.ServletWebServerApplicationContext.startWebServer(ServletWebServerApplicationContext.java:311) [spring-boot-2.1.5.RELEASE.jar:2.1.5.RELEASE]
	at org.springframework.boot.web.servlet.context.ServletWebServerApplicationContext.finishRefresh(ServletWebServerApplicationContext.java:164) [spring-boot-2.1.5.RELEASE.jar:2.1.5.RELEASE]
	at org.springframework.context.support.AbstractApplicationContext.refresh(AbstractApplicationContext.java:552) [spring-context-5.1.7.RELEASE.jar:5.1.7.RELEASE]
	at org.springframework.boot.web.servlet.context.ServletWebServerApplicationContext.refresh(ServletWebServerApplicationContext.java:142) [spring-boot-2.1.5.RELEASE.jar:2.1.5.RELEASE]
	at org.springframework.boot.SpringApplication.refresh(SpringApplication.java:775) [spring-boot-2.1.5.RELEASE.jar:2.1.5.RELEASE]
	at org.springframework.boot.SpringApplication.refreshContext(SpringApplication.java:397) [spring-boot-2.1.5.RELEASE.jar:2.1.5.RELEASE]
	at org.springframework.boot.SpringApplication.run(SpringApplication.java:316) [spring-boot-2.1.5.RELEASE.jar:2.1.5.RELEASE]
	at org.springframework.boot.SpringApplication.run(SpringApplication.java:1260) [spring-boot-2.1.5.RELEASE.jar:2.1.5.RELEASE]
	at org.springframework.boot.SpringApplication.run(SpringApplication.java:1248) [spring-boot-2.1.5.RELEASE.jar:2.1.5.RELEASE]
	at com.example.demo.FirstSpringBootApplication.main(FirstSpringBootApplication.java:18) [classes/:na]
Caused by: java.net.BindException: Address already in use: bind
	at sun.nio.ch.Net.bind0(Native Method) ~[na:1.8.0_181]
	at sun.nio.ch.Net.bind(Net.java:433) ~[na:1.8.0_181]
	at sun.nio.ch.Net.bind(Net.java:425) ~[na:1.8.0_181]
	at sun.nio.ch.ServerSocketChannelImpl.bind(ServerSocketChannelImpl.java:223) ~[na:1.8.0_181]
	at sun.nio.ch.ServerSocketAdaptor.bind(ServerSocketAdaptor.java:74) ~[na:1.8.0_181]
	at org.apache.tomcat.util.net.NioEndpoint.initServerSocket(NioEndpoint.java:239) ~[tomcat-embed-core-9.0.19.jar:9.0.19]
	at org.apache.tomcat.util.net.NioEndpoint.bind(NioEndpoint.java:213) ~[tomcat-embed-core-9.0.19.jar:9.0.19]
	at org.apache.tomcat.util.net.AbstractEndpoint.bindWithCleanup(AbstractEndpoint.java:1116) ~[tomcat-embed-core-9.0.19.jar:9.0.19]
	at org.apache.tomcat.util.net.AbstractEndpoint.start(AbstractEndpoint.java:1202) ~[tomcat-embed-core-9.0.19.jar:9.0.19]
	at org.apache.coyote.AbstractProtocol.start(AbstractProtocol.java:568) ~[tomcat-embed-core-9.0.19.jar:9.0.19]
	at org.apache.catalina.connector.Connector.startInternal(Connector.java:1005) ~[tomcat-embed-core-9.0.19.jar:9.0.19]
	... 14 common frames omitted

2019-05-28 19:11:44.581  INFO 4628 --- [main] o.apache.catalina.core.StandardService   : Stopping service [Tomcat]
2019-05-28 19:11:44.588  INFO 4628 --- [main] ConditionEvaluationReportLoggingListener : 

Error starting ApplicationContext. To display the conditions report re-run your application with 'debug' enabled.
2019-05-28 19:11:44.591 ERROR 4628 --- [main] o.s.b.d.LoggingFailureAnalysisReporter   : 

***************************
APPLICATION FAILED TO START
***************************

Description:

The Tomcat connector configured to listen on port 9090 failed to start. The port may already be in use or the connector may be misconfigured.

Action:

Verify the connector's configuration, identify and stop any process that's listening on port 9090, or configure this application to listen on another port.

2019-05-28 19:11:44.594  INFO 4628 --- [main] o.s.s.concurrent.ThreadPoolTaskExecutor  : Shutting down ExecutorService 'applicationTaskExecutor'
2019-05-28 19:11:47.168  INFO 7564 --- [RMI TCP Connection(2)-127.0.0.1] inMXBeanRegistrar$SpringApplicationAdmin : Application shutdown requested.
2019-05-28 19:11:47.171  INFO 7564 --- [RMI TCP Connection(2)-127.0.0.1] o.s.s.concurrent.ThreadPoolTaskExecutor  : Shutting down ExecutorService 'applicationTaskExecutor'
2019-05-28 19:11:47.172  INFO 7564 --- [RMI TCP Connection(2)-127.0.0.1] com.zaxxer.hikari.HikariDataSource       : HikariPool-1 - Shutdown initiated...
2019-05-28 19:11:47.200  INFO 7564 --- [RMI TCP Connection(2)-127.0.0.1] com.zaxxer.hikari.HikariDataSource       : HikariPool-1 - Shutdown completed.
2019-05-28 19:11:54.398  INFO 9136 --- [main] c.e.demo.FirstSpringBootApplication      : Starting FirstSpringBootApplication on Dhalia-PC-15 with PID 9136 (D:\spring\firstSpringBoot\target\classes started by Anagha in D:\spring\firstSpringBoot)
2019-05-28 19:11:54.400  INFO 9136 --- [main] c.e.demo.FirstSpringBootApplication      : No active profile set, falling back to default profiles: default
2019-05-28 19:11:55.265  INFO 9136 --- [main] o.s.b.w.embedded.tomcat.TomcatWebServer  : Tomcat initialized with port(s): 9090 (http)
2019-05-28 19:11:55.284  INFO 9136 --- [main] o.apache.catalina.core.StandardService   : Starting service [Tomcat]
2019-05-28 19:11:55.284  INFO 9136 --- [main] org.apache.catalina.core.StandardEngine  : Starting Servlet engine: [Apache Tomcat/9.0.19]
2019-05-28 19:11:55.351  INFO 9136 --- [main] o.a.c.c.C.[Tomcat].[localhost].[/]       : Initializing Spring embedded WebApplicationContext
2019-05-28 19:11:55.352  INFO 9136 --- [main] o.s.web.context.ContextLoader            : Root WebApplicationContext: initialization completed in 911 ms
2019-05-28 19:11:55.669  INFO 9136 --- [main] o.s.s.concurrent.ThreadPoolTaskExecutor  : Initializing ExecutorService 'applicationTaskExecutor'
2019-05-28 19:11:55.841  INFO 9136 --- [main] .s.s.UserDetailsServiceAutoConfiguration : 

Using generated security password: 5bc1cf55-7417-43df-9543-2836e40e9684

2019-05-28 19:11:55.890  INFO 9136 --- [main] o.s.s.web.DefaultSecurityFilterChain     : Creating filter chain: OrRequestMatcher [requestMatchers=[Ant [pattern='/home']]], [org.springframework.security.web.context.request.async.WebAsyncManagerIntegrationFilter@75798d03, org.springframework.security.web.context.SecurityContextPersistenceFilter@13f9ad9, org.springframework.security.web.header.HeaderWriterFilter@62ce72ff, org.springframework.security.web.csrf.CsrfFilter@289778cd, org.springframework.security.web.authentication.logout.LogoutFilter@5edf2821, org.springframework.security.web.savedrequest.RequestCacheAwareFilter@21f8e55f, org.springframework.security.web.servletapi.SecurityContextHolderAwareRequestFilter@51351f28, org.springframework.security.web.authentication.AnonymousAuthenticationFilter@40f8f5a8, org.springframework.security.web.session.SessionManagementFilter@474fae39, org.springframework.security.web.access.ExceptionTranslationFilter@2881ad47]
2019-05-28 19:11:55.956  INFO 9136 --- [main] o.s.b.w.embedded.tomcat.TomcatWebServer  : Tomcat started on port(s): 9090 (http) with context path ''
2019-05-28 19:11:55.958  INFO 9136 --- [main] c.e.demo.FirstSpringBootApplication      : Started FirstSpringBootApplication in 1.807 seconds (JVM running for 2.232)
2019-05-28 19:12:21.050  INFO 9136 --- [http-nio-9090-exec-1] o.a.c.c.C.[Tomcat].[localhost].[/]       : Initializing Spring DispatcherServlet 'dispatcherServlet'
2019-05-28 19:12:21.050  INFO 9136 --- [http-nio-9090-exec-1] o.s.web.servlet.DispatcherServlet        : Initializing Servlet 'dispatcherServlet'
2019-05-28 19:12:21.056  INFO 9136 --- [http-nio-9090-exec-1] o.s.web.servlet.DispatcherServlet        : Completed initialization in 6 ms
2019-05-28 19:12:21.083  INFO 9136 --- [http-nio-9090-exec-1] com.example.demo.ServiceController       : ***findOne***
2019-05-28 19:12:21.095  INFO 9136 --- [http-nio-9090-exec-1] com.zaxxer.hikari.HikariDataSource       : HikariPool-1 - Starting...
2019-05-28 19:12:21.371  INFO 9136 --- [http-nio-9090-exec-1] com.zaxxer.hikari.HikariDataSource       : HikariPool-1 - Start completed.
2019-05-28 19:16:59.152  INFO 9136 --- [RMI TCP Connection(2)-127.0.0.1] inMXBeanRegistrar$SpringApplicationAdmin : Application shutdown requested.
2019-05-28 19:16:59.155  INFO 9136 --- [RMI TCP Connection(2)-127.0.0.1] o.s.s.concurrent.ThreadPoolTaskExecutor  : Shutting down ExecutorService 'applicationTaskExecutor'
2019-05-28 19:16:59.156  INFO 9136 --- [RMI TCP Connection(2)-127.0.0.1] com.zaxxer.hikari.HikariDataSource       : HikariPool-1 - Shutdown initiated...
2019-05-28 19:16:59.169  INFO 9136 --- [RMI TCP Connection(2)-127.0.0.1] com.zaxxer.hikari.HikariDataSource       : HikariPool-1 - Shutdown completed.
2019-05-28 19:17:07.723  INFO 8848 --- [main] c.e.demo.FirstSpringBootApplication      : Starting FirstSpringBootApplication on Dhalia-PC-15 with PID 8848 (D:\spring\firstSpringBoot\target\classes started by Anagha in D:\spring\firstSpringBoot)
2019-05-28 19:17:07.725  INFO 8848 --- [main] c.e.demo.FirstSpringBootApplication      : No active profile set, falling back to default profiles: default
2019-05-28 19:17:08.600  INFO 8848 --- [main] o.s.b.w.embedded.tomcat.TomcatWebServer  : Tomcat initialized with port(s): 9090 (http)
2019-05-28 19:17:08.618  INFO 8848 --- [main] o.apache.catalina.core.StandardService   : Starting service [Tomcat]
2019-05-28 19:17:08.618  INFO 8848 --- [main] org.apache.catalina.core.StandardEngine  : Starting Servlet engine: [Apache Tomcat/9.0.19]
2019-05-28 19:17:08.701  INFO 8848 --- [main] o.a.c.c.C.[Tomcat].[localhost].[/]       : Initializing Spring embedded WebApplicationContext
2019-05-28 19:17:08.701  INFO 8848 --- [main] o.s.web.context.ContextLoader            : Root WebApplicationContext: initialization completed in 933 ms
2019-05-28 19:17:09.030  INFO 8848 --- [main] o.s.s.concurrent.ThreadPoolTaskExecutor  : Initializing ExecutorService 'applicationTaskExecutor'
2019-05-28 19:17:09.225  INFO 8848 --- [main] .s.s.UserDetailsServiceAutoConfiguration : 

Using generated security password: a2e5b19f-ed65-4e11-bd4f-25c9f908f0cf

2019-05-28 19:17:09.276  INFO 8848 --- [main] o.s.s.web.DefaultSecurityFilterChain     : Creating filter chain: OrRequestMatcher [requestMatchers=[Ant [pattern='/home']]], [org.springframework.security.web.context.request.async.WebAsyncManagerIntegrationFilter@2264e43c, org.springframework.security.web.context.SecurityContextPersistenceFilter@7d070ef5, org.springframework.security.web.header.HeaderWriterFilter@37191ef0, org.springframework.security.web.csrf.CsrfFilter@4f4c789f, org.springframework.security.web.authentication.logout.LogoutFilter@58e85c6f, org.springframework.security.web.savedrequest.RequestCacheAwareFilter@2e2f720, org.springframework.security.web.servletapi.SecurityContextHolderAwareRequestFilter@6a0cbc6f, org.springframework.security.web.authentication.AnonymousAuthenticationFilter@3bec2275, org.springframework.security.web.session.SessionManagementFilter@1ffcf674, org.springframework.security.web.access.ExceptionTranslationFilter@62566842]
2019-05-28 19:17:09.342  INFO 8848 --- [main] o.s.b.w.embedded.tomcat.TomcatWebServer  : Tomcat started on port(s): 9090 (http) with context path ''
2019-05-28 19:17:09.345  INFO 8848 --- [main] c.e.demo.FirstSpringBootApplication      : Started FirstSpringBootApplication in 1.891 seconds (JVM running for 2.344)
2019-05-28 19:17:37.037  INFO 8848 --- [http-nio-9090-exec-1] o.a.c.c.C.[Tomcat].[localhost].[/]       : Initializing Spring DispatcherServlet 'dispatcherServlet'
2019-05-28 19:17:37.038  INFO 8848 --- [http-nio-9090-exec-1] o.s.web.servlet.DispatcherServlet        : Initializing Servlet 'dispatcherServlet'
2019-05-28 19:17:37.044  INFO 8848 --- [http-nio-9090-exec-1] o.s.web.servlet.DispatcherServlet        : Completed initialization in 6 ms
2019-05-28 19:17:37.073  INFO 8848 --- [http-nio-9090-exec-1] com.example.demo.ServiceController       : ***findOne***
2019-05-28 19:17:37.085  INFO 8848 --- [http-nio-9090-exec-1] com.zaxxer.hikari.HikariDataSource       : HikariPool-1 - Starting...
2019-05-28 19:17:37.360  INFO 8848 --- [http-nio-9090-exec-1] com.zaxxer.hikari.HikariDataSource       : HikariPool-1 - Start completed.
2019-05-28 19:18:03.534  INFO 9916 --- [main] c.e.demo.FirstSpringBootApplication      : Starting FirstSpringBootApplication on Dhalia-PC-15 with PID 9916 (D:\spring\firstSpringBoot\target\classes started by Anagha in D:\spring\firstSpringBoot)
2019-05-28 19:18:03.536  INFO 9916 --- [main] c.e.demo.FirstSpringBootApplication      : No active profile set, falling back to default profiles: default
2019-05-28 19:18:04.449  INFO 9916 --- [main] o.s.b.w.embedded.tomcat.TomcatWebServer  : Tomcat initialized with port(s): 9090 (http)
2019-05-28 19:18:04.467  INFO 9916 --- [main] o.apache.catalina.core.StandardService   : Starting service [Tomcat]
2019-05-28 19:18:04.467  INFO 9916 --- [main] org.apache.catalina.core.StandardEngine  : Starting Servlet engine: [Apache Tomcat/9.0.19]
2019-05-28 19:18:04.537  INFO 9916 --- [main] o.a.c.c.C.[Tomcat].[localhost].[/]       : Initializing Spring embedded WebApplicationContext
2019-05-28 19:18:04.537  INFO 9916 --- [main] o.s.web.context.ContextLoader            : Root WebApplicationContext: initialization completed in 959 ms
2019-05-28 19:18:04.858  INFO 9916 --- [main] o.s.s.concurrent.ThreadPoolTaskExecutor  : Initializing ExecutorService 'applicationTaskExecutor'
2019-05-28 19:18:05.055  INFO 9916 --- [main] .s.s.UserDetailsServiceAutoConfiguration : 

Using generated security password: af00c6f2-d075-476d-91e8-c2184de321e2

2019-05-28 19:18:05.107  INFO 9916 --- [main] o.s.s.web.DefaultSecurityFilterChain     : Creating filter chain: OrRequestMatcher [requestMatchers=[Ant [pattern='/home']]], [org.springframework.security.web.context.request.async.WebAsyncManagerIntegrationFilter@4d96250, org.springframework.security.web.context.SecurityContextPersistenceFilter@30d25c03, org.springframework.security.web.header.HeaderWriterFilter@5c9ac4cc, org.springframework.security.web.csrf.CsrfFilter@2add4d24, org.springframework.security.web.authentication.logout.LogoutFilter@7c6189d5, org.springframework.security.web.savedrequest.RequestCacheAwareFilter@116a2108, org.springframework.security.web.servletapi.SecurityContextHolderAwareRequestFilter@4ad3d266, org.springframework.security.web.authentication.AnonymousAuthenticationFilter@9a6fbc0, org.springframework.security.web.session.SessionManagementFilter@58b67519, org.springframework.security.web.access.ExceptionTranslationFilter@6ac0b715]
2019-05-28 19:18:05.166 ERROR 9916 --- [main] org.apache.catalina.util.LifecycleBase   : Failed to start component [Connector[HTTP/1.1-9090]]

org.apache.catalina.LifecycleException: Protocol handler start failed
	at org.apache.catalina.connector.Connector.startInternal(Connector.java:1008) ~[tomcat-embed-core-9.0.19.jar:9.0.19]
	at org.apache.catalina.util.LifecycleBase.start(LifecycleBase.java:183) ~[tomcat-embed-core-9.0.19.jar:9.0.19]
	at org.apache.catalina.core.StandardService.addConnector(StandardService.java:226) [tomcat-embed-core-9.0.19.jar:9.0.19]
	at org.springframework.boot.web.embedded.tomcat.TomcatWebServer.addPreviouslyRemovedConnectors(TomcatWebServer.java:259) [spring-boot-2.1.5.RELEASE.jar:2.1.5.RELEASE]
	at org.springframework.boot.web.embedded.tomcat.TomcatWebServer.start(TomcatWebServer.java:197) [spring-boot-2.1.5.RELEASE.jar:2.1.5.RELEASE]
	at org.springframework.boot.web.servlet.context.ServletWebServerApplicationContext.startWebServer(ServletWebServerApplicationContext.java:311) [spring-boot-2.1.5.RELEASE.jar:2.1.5.RELEASE]
	at org.springframework.boot.web.servlet.context.ServletWebServerApplicationContext.finishRefresh(ServletWebServerApplicationContext.java:164) [spring-boot-2.1.5.RELEASE.jar:2.1.5.RELEASE]
	at org.springframework.context.support.AbstractApplicationContext.refresh(AbstractApplicationContext.java:552) [spring-context-5.1.7.RELEASE.jar:5.1.7.RELEASE]
	at org.springframework.boot.web.servlet.context.ServletWebServerApplicationContext.refresh(ServletWebServerApplicationContext.java:142) [spring-boot-2.1.5.RELEASE.jar:2.1.5.RELEASE]
	at org.springframework.boot.SpringApplication.refresh(SpringApplication.java:775) [spring-boot-2.1.5.RELEASE.jar:2.1.5.RELEASE]
	at org.springframework.boot.SpringApplication.refreshContext(SpringApplication.java:397) [spring-boot-2.1.5.RELEASE.jar:2.1.5.RELEASE]
	at org.springframework.boot.SpringApplication.run(SpringApplication.java:316) [spring-boot-2.1.5.RELEASE.jar:2.1.5.RELEASE]
	at org.springframework.boot.SpringApplication.run(SpringApplication.java:1260) [spring-boot-2.1.5.RELEASE.jar:2.1.5.RELEASE]
	at org.springframework.boot.SpringApplication.run(SpringApplication.java:1248) [spring-boot-2.1.5.RELEASE.jar:2.1.5.RELEASE]
	at com.example.demo.FirstSpringBootApplication.main(FirstSpringBootApplication.java:18) [classes/:na]
Caused by: java.net.BindException: Address already in use: bind
	at sun.nio.ch.Net.bind0(Native Method) ~[na:1.8.0_181]
	at sun.nio.ch.Net.bind(Net.java:433) ~[na:1.8.0_181]
	at sun.nio.ch.Net.bind(Net.java:425) ~[na:1.8.0_181]
	at sun.nio.ch.ServerSocketChannelImpl.bind(ServerSocketChannelImpl.java:223) ~[na:1.8.0_181]
	at sun.nio.ch.ServerSocketAdaptor.bind(ServerSocketAdaptor.java:74) ~[na:1.8.0_181]
	at org.apache.tomcat.util.net.NioEndpoint.initServerSocket(NioEndpoint.java:239) ~[tomcat-embed-core-9.0.19.jar:9.0.19]
	at org.apache.tomcat.util.net.NioEndpoint.bind(NioEndpoint.java:213) ~[tomcat-embed-core-9.0.19.jar:9.0.19]
	at org.apache.tomcat.util.net.AbstractEndpoint.bindWithCleanup(AbstractEndpoint.java:1116) ~[tomcat-embed-core-9.0.19.jar:9.0.19]
	at org.apache.tomcat.util.net.AbstractEndpoint.start(AbstractEndpoint.java:1202) ~[tomcat-embed-core-9.0.19.jar:9.0.19]
	at org.apache.coyote.AbstractProtocol.start(AbstractProtocol.java:568) ~[tomcat-embed-core-9.0.19.jar:9.0.19]
	at org.apache.catalina.connector.Connector.startInternal(Connector.java:1005) ~[tomcat-embed-core-9.0.19.jar:9.0.19]
	... 14 common frames omitted

2019-05-28 19:18:05.171  INFO 9916 --- [main] o.apache.catalina.core.StandardService   : Stopping service [Tomcat]
2019-05-28 19:18:05.178  INFO 9916 --- [main] ConditionEvaluationReportLoggingListener : 

Error starting ApplicationContext. To display the conditions report re-run your application with 'debug' enabled.
2019-05-28 19:18:05.182 ERROR 9916 --- [main] o.s.b.d.LoggingFailureAnalysisReporter   : 

***************************
APPLICATION FAILED TO START
***************************

Description:

The Tomcat connector configured to listen on port 9090 failed to start. The port may already be in use or the connector may be misconfigured.

Action:

Verify the connector's configuration, identify and stop any process that's listening on port 9090, or configure this application to listen on another port.

2019-05-28 19:18:05.185  INFO 9916 --- [main] o.s.s.concurrent.ThreadPoolTaskExecutor  : Shutting down ExecutorService 'applicationTaskExecutor'
2019-05-28 19:18:07.390  INFO 8848 --- [RMI TCP Connection(2)-127.0.0.1] inMXBeanRegistrar$SpringApplicationAdmin : Application shutdown requested.
2019-05-28 19:18:07.393  INFO 8848 --- [RMI TCP Connection(2)-127.0.0.1] o.s.s.concurrent.ThreadPoolTaskExecutor  : Shutting down ExecutorService 'applicationTaskExecutor'
2019-05-28 19:18:07.394  INFO 8848 --- [RMI TCP Connection(2)-127.0.0.1] com.zaxxer.hikari.HikariDataSource       : HikariPool-1 - Shutdown initiated...
2019-05-28 19:18:07.410  INFO 8848 --- [RMI TCP Connection(2)-127.0.0.1] com.zaxxer.hikari.HikariDataSource       : HikariPool-1 - Shutdown completed.
2019-05-28 19:18:16.161  INFO 11492 --- [main] c.e.demo.FirstSpringBootApplication      : Starting FirstSpringBootApplication on Dhalia-PC-15 with PID 11492 (D:\spring\firstSpringBoot\target\classes started by Anagha in D:\spring\firstSpringBoot)
2019-05-28 19:18:16.163  INFO 11492 --- [main] c.e.demo.FirstSpringBootApplication      : No active profile set, falling back to default profiles: default
2019-05-28 19:18:17.024  INFO 11492 --- [main] o.s.b.w.embedded.tomcat.TomcatWebServer  : Tomcat initialized with port(s): 9090 (http)
2019-05-28 19:18:17.042  INFO 11492 --- [main] o.apache.catalina.core.StandardService   : Starting service [Tomcat]
2019-05-28 19:18:17.042  INFO 11492 --- [main] org.apache.catalina.core.StandardEngine  : Starting Servlet engine: [Apache Tomcat/9.0.19]
2019-05-28 19:18:17.121  INFO 11492 --- [main] o.a.c.c.C.[Tomcat].[localhost].[/]       : Initializing Spring embedded WebApplicationContext
2019-05-28 19:18:17.121  INFO 11492 --- [main] o.s.web.context.ContextLoader            : Root WebApplicationContext: initialization completed in 916 ms
2019-05-28 19:18:17.428  INFO 11492 --- [main] o.s.s.concurrent.ThreadPoolTaskExecutor  : Initializing ExecutorService 'applicationTaskExecutor'
2019-05-28 19:18:17.599  INFO 11492 --- [main] .s.s.UserDetailsServiceAutoConfiguration : 

Using generated security password: c3f13956-a4bb-4292-a45c-438b8e108c1c

2019-05-28 19:18:17.651  INFO 11492 --- [main] o.s.s.web.DefaultSecurityFilterChain     : Creating filter chain: OrRequestMatcher [requestMatchers=[Ant [pattern='/home']]], [org.springframework.security.web.context.request.async.WebAsyncManagerIntegrationFilter@20749d9, org.springframework.security.web.context.SecurityContextPersistenceFilter@2f1ea80d, org.springframework.security.web.header.HeaderWriterFilter@309028af, org.springframework.security.web.csrf.CsrfFilter@2881ad47, org.springframework.security.web.authentication.logout.LogoutFilter@342726f1, org.springframework.security.web.savedrequest.RequestCacheAwareFilter@f1a45f8, org.springframework.security.web.servletapi.SecurityContextHolderAwareRequestFilter@7d070ef5, org.springframework.security.web.authentication.AnonymousAuthenticationFilter@de77232, org.springframework.security.web.session.SessionManagementFilter@604b1e1d, org.springframework.security.web.access.ExceptionTranslationFilter@680d4a6a]
2019-05-28 19:18:17.715  INFO 11492 --- [main] o.s.b.w.embedded.tomcat.TomcatWebServer  : Tomcat started on port(s): 9090 (http) with context path ''
2019-05-28 19:18:17.717  INFO 11492 --- [main] c.e.demo.FirstSpringBootApplication      : Started FirstSpringBootApplication in 1.81 seconds (JVM running for 2.247)
2019-05-28 19:18:33.061  INFO 11492 --- [http-nio-9090-exec-1] o.a.c.c.C.[Tomcat].[localhost].[/]       : Initializing Spring DispatcherServlet 'dispatcherServlet'
2019-05-28 19:18:33.062  INFO 11492 --- [http-nio-9090-exec-1] o.s.web.servlet.DispatcherServlet        : Initializing Servlet 'dispatcherServlet'
2019-05-28 19:18:33.067  INFO 11492 --- [http-nio-9090-exec-1] o.s.web.servlet.DispatcherServlet        : Completed initialization in 5 ms
2019-05-28 19:18:33.085  INFO 11492 --- [http-nio-9090-exec-1] com.example.demo.ServiceController       : ***getAll***
2019-05-28 19:18:33.097  INFO 11492 --- [http-nio-9090-exec-1] com.zaxxer.hikari.HikariDataSource       : HikariPool-1 - Starting...
2019-05-28 19:18:33.374  INFO 11492 --- [http-nio-9090-exec-1] com.zaxxer.hikari.HikariDataSource       : HikariPool-1 - Start completed.
2019-05-28 19:18:42.626  INFO 11492 --- [http-nio-9090-exec-2] com.example.demo.ServiceController       : ***findOne***
